<?xml version="1.0" encoding="utf-8"?><testsuites name="pytest tests"><testsuite name="pytest" errors="0" failures="0" skipped="0" tests="11" time="1.894" timestamp="2026-02-14T04:42:55.824282+00:00" hostname="agent-env-72f61177-0e17-48f9-b655-8ed99a8fe1c8"><testcase classname="tests.test_gmail_integration.TestHealthAndBasics" name="test_health_endpoint_returns_healthy" time="0.201" /><testcase classname="tests.test_gmail_integration.TestHealthAndBasics" name="test_root_endpoint_returns_gateway_info" time="0.128" /><testcase classname="tests.test_gmail_integration.TestGmailOAuthEndpoints" name="test_gmail_status_disconnected" time="0.111" /><testcase classname="tests.test_gmail_integration.TestGmailOAuthEndpoints" name="test_gmail_login_returns_400_without_credentials" time="0.109" /><testcase classname="tests.test_gmail_integration.TestGmailOAuthEndpoints" name="test_gmail_disconnect_no_connection" time="0.103" /><testcase classname="tests.test_gmail_integration.TestGmailOAuthEndpoints" name="test_gmail_status_with_user_id_param" time="0.107" /><testcase classname="tests.test_gmail_integration.TestToolsRegistration" name="test_tools_list_via_http" time="0.247" /><testcase classname="tests.test_gmail_integration.TestToolsRegistration" name="test_browser_use_tool_has_correct_schema" time="0.214" /><testcase classname="tests.test_gmail_integration.TestToolsRegistration" name="test_gmail_tool_has_correct_schema" time="0.223" /><testcase classname="tests.test_gmail_integration.TestWebSocketAuth" name="test_websocket_auth_works" time="0.198" /><testcase classname="tests.test_gmail_integration.TestWebSocketAuth" name="test_websocket_auth_fails_with_bad_token" time="0.185" /></testsuite></testsuites>