<?xml version="1.0" encoding="utf-8"?><testsuites name="pytest tests"><testsuite name="pytest" errors="0" failures="0" skipped="0" tests="6" time="1.178" timestamp="2026-02-14T03:57:38.196913+00:00" hostname="agent-env-2e9a266c-6aac-4bd6-9544-55d7358203b8"><testcase classname="test_browser_use_v2.TestHealthAndBasics" name="test_health_endpoint" time="0.163" /><testcase classname="test_browser_use_v2.TestHealthAndBasics" name="test_root_endpoint" time="0.108" /><testcase classname="test_browser_use_v2.TestSystemPromptAndConfig" name="test_config_includes_browser_use_guidance" time="0.108" /><testcase classname="test_browser_use_v2.TestWebSocketToolsList" name="test_tools_list_via_websocket" time="0.243" /><testcase classname="test_browser_use_v2.TestWebSocketToolsList" name="test_browser_use_navigate_via_chat" time="0.259" /><testcase classname="test_browser_use_v2.TestWebSocketToolsList" name="test_browser_use_extract_via_chat" time="0.246" /></testsuite></testsuites>