<?xml version="1.0" encoding="utf-8"?><testsuites name="pytest tests"><testsuite name="pytest" errors="0" failures="0" skipped="0" tests="13" time="0.353" timestamp="2026-02-13T19:44:25.448519+00:00" hostname="agent-env-509aa4ad-1491-4688-88c6-0422968a85c3"><testcase classname="backend.tests.test_phase8_scheduler_notifications.TestTaskSchedulerRPC" name="test_tasks_list" time="0.005" /><testcase classname="backend.tests.test_phase8_scheduler_notifications.TestTaskSchedulerRPC" name="test_tasks_create" time="0.004" /><testcase classname="backend.tests.test_phase8_scheduler_notifications.TestTaskSchedulerRPC" name="test_tasks_crud_flow" time="0.006" /><testcase classname="backend.tests.test_phase8_scheduler_notifications.TestTaskSchedulerRPC" name="test_tasks_run_now" time="0.234" /><testcase classname="backend.tests.test_phase8_scheduler_notifications.TestTaskSchedulerRPC" name="test_tasks_history" time="0.008" /><testcase classname="backend.tests.test_phase8_scheduler_notifications.TestNotificationsRPC" name="test_notifications_list" time="0.003" /><testcase classname="backend.tests.test_phase8_scheduler_notifications.TestNotificationsRPC" name="test_notifications_list_unread_only" time="0.003" /><testcase classname="backend.tests.test_phase8_scheduler_notifications.TestNotificationsRPC" name="test_notifications_mark_all_read" time="0.003" /><testcase classname="backend.tests.test_phase8_scheduler_notifications.TestNotificationsRPC" name="test_notifications_clear" time="0.003" /><testcase classname="backend.tests.test_phase8_scheduler_notifications.TestMonitorTool" name="test_monitor_url_tool_registered" time="0.003" /><testcase classname="backend.tests.test_phase8_scheduler_notifications.TestIntegrationScenarios" name="test_scheduler_and_notifications_available" time="0.003" /><testcase classname="backend.tests.test_phase8_scheduler_notifications.TestIntegrationScenarios" name="test_create_task_with_notify_always" time="0.003" /><testcase classname="backend.tests.test_phase8_scheduler_notifications.TestIntegrationScenarios" name="test_create_task_with_notify_never" time="0.005" /></testsuite></testsuites>