<?xml version="1.0" encoding="utf-8"?><testsuites name="pytest tests"><testsuite name="pytest" errors="0" failures="0" skipped="0" tests="17" time="61.933" timestamp="2026-02-13T17:59:25.607737+00:00" hostname="agent-env-509aa4ad-1491-4688-88c6-0422968a85c3"><testcase classname="backend.tests.test_phase8_new_tools.TestFileUploadEndpoint" name="test_upload_text_file_success" time="0.416" /><testcase classname="backend.tests.test_phase8_new_tools.TestFileUploadEndpoint" name="test_upload_json_file_success" time="1.133" /><testcase classname="backend.tests.test_phase8_new_tools.TestFileUploadEndpoint" name="test_upload_markdown_file_success" time="0.148" /><testcase classname="backend.tests.test_phase8_new_tools.TestFileUploadEndpoint" name="test_upload_reject_unsupported_extension" time="0.129" /><testcase classname="backend.tests.test_phase8_new_tools.TestFileUploadEndpoint" name="test_upload_reject_dll_file" time="0.186" /><testcase classname="backend.tests.test_phase8_new_tools.TestFileUploadEndpoint" name="test_upload_csv_file_success" time="0.187" /><testcase classname="backend.tests.test_phase8_new_tools.TestToolsListRPC" name="test_tools_list_returns_12_tools" time="0.533" /><testcase classname="backend.tests.test_phase8_new_tools.TestToolsListRPC" name="test_browse_webpage_tool_schema" time="0.244" /><testcase classname="backend.tests.test_phase8_new_tools.TestToolsListRPC" name="test_system_info_tool_schema" time="0.311" /><testcase classname="backend.tests.test_phase8_new_tools.TestToolsListRPC" name="test_http_request_tool_schema" time="0.492" /><testcase classname="backend.tests.test_phase8_new_tools.TestToolsListRPC" name="test_parse_document_tool_schema" time="0.440" /><testcase classname="backend.tests.test_phase8_new_tools.TestToolsListRPC" name="test_analyze_image_tool_schema" time="0.263" /><testcase classname="backend.tests.test_phase8_new_tools.TestToolsListRPC" name="test_transcribe_audio_tool_schema" time="0.463" /><testcase classname="backend.tests.test_phase8_new_tools.TestToolsViaAgentChat" name="test_system_info_via_agent" time="10.740" /><testcase classname="backend.tests.test_phase8_new_tools.TestToolsViaAgentChat" name="test_http_request_via_agent" time="6.101" /><testcase classname="backend.tests.test_phase8_new_tools.TestToolsViaAgentChat" name="test_browse_webpage_via_agent" time="32.084" /><testcase classname="backend.tests.test_phase8_new_tools.TestParseDocumentIntegration" name="test_upload_then_parse_text_file" time="7.979" /></testsuite></testsuites>