<?xml version="1.0" encoding="utf-8"?><testsuites name="pytest tests"><testsuite name="pytest" errors="0" failures="0" skipped="0" tests="20" time="0.493" timestamp="2026-02-22T04:12:54.551543+00:00" hostname="agent-env-8406b534-fe63-4da2-af4b-da05be5d8db0"><testcase classname="tests.test_slack_webchat_parity.TestHealthEndpoint" name="test_health_endpoint_returns_healthy" time="0.264" /><testcase classname="tests.test_slack_webchat_parity.TestOrchestratorToolsConfig" name="test_gateway_config_does_not_have_web_search" time="0.006" /><testcase classname="tests.test_slack_webchat_parity.TestOrchestratorToolsConfig" name="test_gateway_config_has_delegate_tool" time="0.003" /><testcase classname="tests.test_slack_webchat_parity.TestOrchestratorToolsConfig" name="test_gateway_config_has_list_agents_tool" time="0.003" /><testcase classname="tests.test_slack_webchat_parity.TestOrchestratorToolsConfig" name="test_gateway_config_has_prompt_version_3" time="0.003" /><testcase classname="tests.test_slack_webchat_parity.TestOrchestratorToolsConfig" name="test_orchestrator_prompt_starts_with_overclaw" time="0.003" /><testcase classname="tests.test_slack_webchat_parity.TestResearchSpecialistConfig" name="test_research_specialist_has_web_search" time="0.003" /><testcase classname="tests.test_slack_webchat_parity.TestResearchSpecialistConfig" name="test_research_specialist_has_browse_webpage" time="0.003" /><testcase classname="tests.test_slack_webchat_parity.TestServerCodeValidation" name="test_orchestrator_tools_list_no_web_search" time="0.000" /><testcase classname="tests.test_slack_webchat_parity.TestServerCodeValidation" name="test_server_uses_set_comparison_for_tools_patching" time="0.000" /><testcase classname="tests.test_slack_webchat_parity.TestServerCodeValidation" name="test_server_has_versioned_prompt_mechanism" time="0.000" /><testcase classname="tests.test_slack_webchat_parity.TestAgentDiagnosticLogging" name="test_agent_has_diagnostic_logging_variables" time="0.000" /><testcase classname="tests.test_slack_webchat_parity.TestAgentDiagnosticLogging" name="test_agent_logs_delegate_and_web_search_status" time="0.000" /><testcase classname="tests.test_slack_webchat_parity.TestSlackDebugCommand" name="test_slack_channel_has_debug_command" time="0.000" /><testcase classname="tests.test_slack_webchat_parity.TestSlackDebugCommand" name="test_slack_debug_command_shows_agent_config" time="0.000" /><testcase classname="tests.test_slack_webchat_parity.TestSlackDebugCommand" name="test_slack_help_command_mentions_debug" time="0.000" /><testcase classname="tests.test_slack_webchat_parity.TestAgentsConfigValidation" name="test_orchestrator_prompt_starts_correctly" time="0.001" /><testcase classname="tests.test_slack_webchat_parity.TestAgentsConfigValidation" name="test_specialist_agents_includes_research" time="0.000" /><testcase classname="tests.test_slack_webchat_parity.TestE2EConfigConsistency" name="test_orchestrator_tools_consistency" time="0.003" /><testcase classname="tests.test_slack_webchat_parity.TestE2EConfigConsistency" name="test_no_web_search_anywhere_in_orchestrator_path" time="0.003" /></testsuite></testsuites>