<?xml version="1.0" encoding="utf-8"?><testsuites name="pytest tests"><testsuite name="pytest" errors="0" failures="0" skipped="0" tests="9" time="0.473" timestamp="2026-02-15T18:29:35.492141+00:00" hostname="agent-env-0849e900-221b-46a6-bdbd-34551a40f5c2"><testcase classname="tests.test_workspace_projects_dashboard.TestWorkspaceProjectsEndpoint" name="test_workspace_projects_returns_list" time="0.446" /><testcase classname="tests.test_workspace_projects_dashboard.TestWorkspaceProjectsEndpoint" name="test_workspace_projects_has_expected_fields" time="0.001" /><testcase classname="tests.test_workspace_projects_dashboard.TestWorkspaceProjectsEndpoint" name="test_workspace_projects_correct_project_types" time="0.001" /><testcase classname="tests.test_workspace_projects_dashboard.TestWorkspaceProjectsEndpoint" name="test_workspace_projects_todo_app_has_venv" time="0.001" /><testcase classname="tests.test_workspace_projects_dashboard.TestWorkspaceProjectsEndpoint" name="test_workspace_projects_demo_app_no_venv" time="0.001" /><testcase classname="tests.test_workspace_projects_dashboard.TestWorkspaceRunProject" name="test_run_project_endpoint_exists" time="0.000" /><testcase classname="tests.test_workspace_projects_dashboard.TestWorkspaceRunProject" name="test_stop_process_endpoint_exists" time="0.000" /><testcase classname="tests.test_workspace_projects_dashboard.TestWorkspaceRunProject" name="test_detect_project_endpoint_exists" time="0.000" /><testcase classname="tests.test_workspace_projects_dashboard.TestWorkspaceProjectsLiveStatus" name="test_project_status_stopped_when_no_process" time="0.002" /></testsuite></testsuites>