<?xml version="1.0" encoding="utf-8"?><testsuites name="pytest tests"><testsuite name="pytest" errors="0" failures="0" skipped="0" tests="14" time="3.261" timestamp="2026-02-15T01:54:42.776869+00:00" hostname="agent-env-1268a4e7-b23d-4ed2-9546-5dbafd9f9c70"><testcase classname="tests.test_workspace_explorer.TestWorkspaceExplorerRPC" name="test_workspace_files_root_directory" time="0.388" /><testcase classname="tests.test_workspace_explorer.TestWorkspaceExplorerRPC" name="test_workspace_files_navigate_to_projects" time="0.232" /><testcase classname="tests.test_workspace_explorer.TestWorkspaceExplorerRPC" name="test_workspace_files_read_file_content" time="0.230" /><testcase classname="tests.test_workspace_explorer.TestWorkspaceExplorerRPC" name="test_workspace_files_path_not_found" time="0.249" /><testcase classname="tests.test_workspace_explorer.TestWorkspaceExplorerRPC" name="test_workspace_files_security_path_traversal" time="0.228" /><testcase classname="tests.test_workspace_explorer.TestWorkspaceExplorerRPC" name="test_workspace_processes_list" time="0.299" /><testcase classname="tests.test_workspace_explorer.TestWorkspaceExplorerRPC" name="test_workspace_tools_list" time="0.225" /><testcase classname="tests.test_workspace_explorer.TestWorkspaceExplorerRPC" name="test_workspace_process_output_missing_pid" time="0.224" /><testcase classname="tests.test_workspace_explorer.TestWorkspaceExplorerRPC" name="test_workspace_process_output_nonexistent_pid" time="0.349" /><testcase classname="tests.test_workspace_explorer.TestWorkspaceExplorerRPC" name="test_workspace_tool_delete_missing_name" time="0.400" /><testcase classname="tests.test_workspace_explorer.TestWorkspaceExplorerRPC" name="test_workspace_tool_delete_nonexistent_tool" time="0.225" /><testcase classname="tests.test_workspace_explorer.TestHealthEndpoint" name="test_health_endpoint" time="0.173" /><testcase classname="tests.test_workspace_explorer.TestSlackHealthCheckLoop" name="test_slack_health_check_method_exists" time="0.000" /><testcase classname="tests.test_workspace_explorer.TestSlackHealthCheckLoop" name="test_slack_run_handler_reconnect_logic" time="0.000" /></testsuite></testsuites>