<?xml version="1.0" encoding="utf-8"?><testsuites name="pytest tests"><testsuite name="pytest" errors="13" failures="1" skipped="0" tests="24" time="1.173" timestamp="2026-02-22T03:54:04.049803+00:00" hostname="agent-env-8406b534-fe63-4da2-af4b-da05be5d8db0"><testcase classname="tests.test_triage_feedback.TestHealthEndpoint" name="test_health_endpoint_returns_healthy" time="0.256" /><testcase classname="tests.test_triage_feedback.TestEmailTriageTaskConfiguration" name="test_email_triage_task_has_prompt_version_3" time="0.010" /><testcase classname="tests.test_triage_feedback.TestEmailTriageTaskConfiguration" name="test_email_triage_prompt_has_request_feedback_instruction" time="0.001"><failure message="RuntimeError: Event loop is closed">tests/test_triage_feedback.py:51: in test_email_triage_prompt_has_request_feedback_instruction
    task = await db.tasks.find_one({"id": "email-triage"}, {"_id": 0})
                 ^^^^^^^^^^^^^^^^^^^^^^^^^^^^^^^^^^^^^^^^^^^^^^^^^^^^^
/root/.venv/lib/python3.11/site-packages/motor/metaprogramming.py:74: in method
    return framework.run_on_executor(
/root/.venv/lib/python3.11/site-packages/motor/frameworks/asyncio/__init__.py:85: in run_on_executor
    return loop.run_in_executor(_EXECUTOR, functools.partial(fn, *args, **kwargs))
           ^^^^^^^^^^^^^^^^^^^^^^^^^^^^^^^^^^^^^^^^^^^^^^^^^^^^^^^^^^^^^^^^^^^^^^^
/usr/local/lib/python3.11/asyncio/base_events.py:817: in run_in_executor
    self._check_closed()
/usr/local/lib/python3.11/asyncio/base_events.py:520: in _check_closed
    raise RuntimeError('Event loop is closed')
E   RuntimeError: Event loop is closed</failure></testcase><testcase classname="tests.test_triage_feedback.TestTriageFeedbackModule" name="test_set_feedback_db_function" time="0.001"><error message="failed on setup with &quot;pytest.PytestRemovedIn9Warning: 'test_set_feedback_db_function' requested an async fixture 'cleanup_test_data' with autouse=True, with no plugin or hook that handled it. This is usually an error, as pytest does not natively support it. This will turn into an error in pytest 9.&#10;See: https://docs.pytest.org/en/stable/deprecations.html#sync-test-depending-on-async-fixture&quot;">/root/.venv/lib/python3.11/site-packages/pytest_asyncio/plugin.py:458: in setup
    return super().setup()
           ^^^^^^^^^^^^^^^
/root/.venv/lib/python3.11/site-packages/pytest_asyncio/plugin.py:728: in pytest_fixture_setup
    return (yield)
            ^^^^^
E   pytest.PytestRemovedIn9Warning: 'test_set_feedback_db_function' requested an async fixture 'cleanup_test_data' with autouse=True, with no plugin or hook that handled it. This is usually an error, as pytest does not natively support it. This will turn into an error in pytest 9.
E   See: https://docs.pytest.org/en/stable/deprecations.html#sync-test-depending-on-async-fixture</error></testcase><testcase classname="tests.test_triage_feedback.TestTriageFeedbackModule" name="test_track_triage_message" time="0.000"><error message="failed on setup with &quot;pytest.PytestRemovedIn9Warning: 'test_track_triage_message' requested an async fixture 'cleanup_test_data' with autouse=True, with no plugin or hook that handled it. This is usually an error, as pytest does not natively support it. This will turn into an error in pytest 9.&#10;See: https://docs.pytest.org/en/stable/deprecations.html#sync-test-depending-on-async-fixture&quot;">/root/.venv/lib/python3.11/site-packages/pytest_asyncio/plugin.py:458: in setup
    return super().setup()
           ^^^^^^^^^^^^^^^
/root/.venv/lib/python3.11/site-packages/pytest_asyncio/plugin.py:728: in pytest_fixture_setup
    return (yield)
            ^^^^^
E   pytest.PytestRemovedIn9Warning: 'test_track_triage_message' requested an async fixture 'cleanup_test_data' with autouse=True, with no plugin or hook that handled it. This is usually an error, as pytest does not natively support it. This will turn into an error in pytest 9.
E   See: https://docs.pytest.org/en/stable/deprecations.html#sync-test-depending-on-async-fixture</error></testcase><testcase classname="tests.test_triage_feedback.TestTriageFeedbackModule" name="test_record_feedback_positive_thumbsup" time="0.000"><error message="failed on setup with &quot;pytest.PytestRemovedIn9Warning: 'test_record_feedback_positive_thumbsup' requested an async fixture 'cleanup_test_data' with autouse=True, with no plugin or hook that handled it. This is usually an error, as pytest does not natively support it. This will turn into an error in pytest 9.&#10;See: https://docs.pytest.org/en/stable/deprecations.html#sync-test-depending-on-async-fixture&quot;">/root/.venv/lib/python3.11/site-packages/pytest_asyncio/plugin.py:458: in setup
    return super().setup()
           ^^^^^^^^^^^^^^^
/root/.venv/lib/python3.11/site-packages/pytest_asyncio/plugin.py:728: in pytest_fixture_setup
    return (yield)
            ^^^^^
E   pytest.PytestRemovedIn9Warning: 'test_record_feedback_positive_thumbsup' requested an async fixture 'cleanup_test_data' with autouse=True, with no plugin or hook that handled it. This is usually an error, as pytest does not natively support it. This will turn into an error in pytest 9.
E   See: https://docs.pytest.org/en/stable/deprecations.html#sync-test-depending-on-async-fixture</error></testcase><testcase classname="tests.test_triage_feedback.TestTriageFeedbackModule" name="test_record_feedback_positive_plus_one" time="0.000"><error message="failed on setup with &quot;pytest.PytestRemovedIn9Warning: 'test_record_feedback_positive_plus_one' requested an async fixture 'cleanup_test_data' with autouse=True, with no plugin or hook that handled it. This is usually an error, as pytest does not natively support it. This will turn into an error in pytest 9.&#10;See: https://docs.pytest.org/en/stable/deprecations.html#sync-test-depending-on-async-fixture&quot;">/root/.venv/lib/python3.11/site-packages/pytest_asyncio/plugin.py:458: in setup
    return super().setup()
           ^^^^^^^^^^^^^^^
/root/.venv/lib/python3.11/site-packages/pytest_asyncio/plugin.py:728: in pytest_fixture_setup
    return (yield)
            ^^^^^
E   pytest.PytestRemovedIn9Warning: 'test_record_feedback_positive_plus_one' requested an async fixture 'cleanup_test_data' with autouse=True, with no plugin or hook that handled it. This is usually an error, as pytest does not natively support it. This will turn into an error in pytest 9.
E   See: https://docs.pytest.org/en/stable/deprecations.html#sync-test-depending-on-async-fixture</error></testcase><testcase classname="tests.test_triage_feedback.TestTriageFeedbackModule" name="test_record_feedback_negative_thumbsdown" time="0.000"><error message="failed on setup with &quot;pytest.PytestRemovedIn9Warning: 'test_record_feedback_negative_thumbsdown' requested an async fixture 'cleanup_test_data' with autouse=True, with no plugin or hook that handled it. This is usually an error, as pytest does not natively support it. This will turn into an error in pytest 9.&#10;See: https://docs.pytest.org/en/stable/deprecations.html#sync-test-depending-on-async-fixture&quot;">/root/.venv/lib/python3.11/site-packages/pytest_asyncio/plugin.py:458: in setup
    return super().setup()
           ^^^^^^^^^^^^^^^
/root/.venv/lib/python3.11/site-packages/pytest_asyncio/plugin.py:728: in pytest_fixture_setup
    return (yield)
            ^^^^^
E   pytest.PytestRemovedIn9Warning: 'test_record_feedback_negative_thumbsdown' requested an async fixture 'cleanup_test_data' with autouse=True, with no plugin or hook that handled it. This is usually an error, as pytest does not natively support it. This will turn into an error in pytest 9.
E   See: https://docs.pytest.org/en/stable/deprecations.html#sync-test-depending-on-async-fixture</error></testcase><testcase classname="tests.test_triage_feedback.TestTriageFeedbackModule" name="test_record_feedback_negative_minus_one" time="0.000"><error message="failed on setup with &quot;pytest.PytestRemovedIn9Warning: 'test_record_feedback_negative_minus_one' requested an async fixture 'cleanup_test_data' with autouse=True, with no plugin or hook that handled it. This is usually an error, as pytest does not natively support it. This will turn into an error in pytest 9.&#10;See: https://docs.pytest.org/en/stable/deprecations.html#sync-test-depending-on-async-fixture&quot;">/root/.venv/lib/python3.11/site-packages/pytest_asyncio/plugin.py:458: in setup
    return super().setup()
           ^^^^^^^^^^^^^^^
/root/.venv/lib/python3.11/site-packages/pytest_asyncio/plugin.py:728: in pytest_fixture_setup
    return (yield)
            ^^^^^
E   pytest.PytestRemovedIn9Warning: 'test_record_feedback_negative_minus_one' requested an async fixture 'cleanup_test_data' with autouse=True, with no plugin or hook that handled it. This is usually an error, as pytest does not natively support it. This will turn into an error in pytest 9.
E   See: https://docs.pytest.org/en/stable/deprecations.html#sync-test-depending-on-async-fixture</error></testcase><testcase classname="tests.test_triage_feedback.TestTriageFeedbackModule" name="test_record_feedback_rejects_unknown_reactions" time="0.000"><error message="failed on setup with &quot;pytest.PytestRemovedIn9Warning: 'test_record_feedback_rejects_unknown_reactions' requested an async fixture 'cleanup_test_data' with autouse=True, with no plugin or hook that handled it. This is usually an error, as pytest does not natively support it. This will turn into an error in pytest 9.&#10;See: https://docs.pytest.org/en/stable/deprecations.html#sync-test-depending-on-async-fixture&quot;">/root/.venv/lib/python3.11/site-packages/pytest_asyncio/plugin.py:458: in setup
    return super().setup()
           ^^^^^^^^^^^^^^^
/root/.venv/lib/python3.11/site-packages/pytest_asyncio/plugin.py:728: in pytest_fixture_setup
    return (yield)
            ^^^^^
E   pytest.PytestRemovedIn9Warning: 'test_record_feedback_rejects_unknown_reactions' requested an async fixture 'cleanup_test_data' with autouse=True, with no plugin or hook that handled it. This is usually an error, as pytest does not natively support it. This will turn into an error in pytest 9.
E   See: https://docs.pytest.org/en/stable/deprecations.html#sync-test-depending-on-async-fixture</error></testcase><testcase classname="tests.test_triage_feedback.TestTriageFeedbackModule" name="test_record_feedback_returns_false_for_untracked_message" time="0.000"><error message="failed on setup with &quot;pytest.PytestRemovedIn9Warning: 'test_record_feedback_returns_false_for_untracked_message' requested an async fixture 'cleanup_test_data' with autouse=True, with no plugin or hook that handled it. This is usually an error, as pytest does not natively support it. This will turn into an error in pytest 9.&#10;See: https://docs.pytest.org/en/stable/deprecations.html#sync-test-depending-on-async-fixture&quot;">/root/.venv/lib/python3.11/site-packages/pytest_asyncio/plugin.py:458: in setup
    return super().setup()
           ^^^^^^^^^^^^^^^
/root/.venv/lib/python3.11/site-packages/pytest_asyncio/plugin.py:728: in pytest_fixture_setup
    return (yield)
            ^^^^^
E   pytest.PytestRemovedIn9Warning: 'test_record_feedback_returns_false_for_untracked_message' requested an async fixture 'cleanup_test_data' with autouse=True, with no plugin or hook that handled it. This is usually an error, as pytest does not natively support it. This will turn into an error in pytest 9.
E   See: https://docs.pytest.org/en/stable/deprecations.html#sync-test-depending-on-async-fixture</error></testcase><testcase classname="tests.test_triage_feedback.TestTriageFeedbackModule" name="test_get_feedback_stats_structure" time="0.000"><error message="failed on setup with &quot;pytest.PytestRemovedIn9Warning: 'test_get_feedback_stats_structure' requested an async fixture 'cleanup_test_data' with autouse=True, with no plugin or hook that handled it. This is usually an error, as pytest does not natively support it. This will turn into an error in pytest 9.&#10;See: https://docs.pytest.org/en/stable/deprecations.html#sync-test-depending-on-async-fixture&quot;">/root/.venv/lib/python3.11/site-packages/pytest_asyncio/plugin.py:458: in setup
    return super().setup()
           ^^^^^^^^^^^^^^^
/root/.venv/lib/python3.11/site-packages/pytest_asyncio/plugin.py:728: in pytest_fixture_setup
    return (yield)
            ^^^^^
E   pytest.PytestRemovedIn9Warning: 'test_get_feedback_stats_structure' requested an async fixture 'cleanup_test_data' with autouse=True, with no plugin or hook that handled it. This is usually an error, as pytest does not natively support it. This will turn into an error in pytest 9.
E   See: https://docs.pytest.org/en/stable/deprecations.html#sync-test-depending-on-async-fixture</error></testcase><testcase classname="tests.test_triage_feedback.TestTriageFeedbackModule" name="test_get_recent_feedback_structure" time="0.000"><error message="failed on setup with &quot;pytest.PytestRemovedIn9Warning: 'test_get_recent_feedback_structure' requested an async fixture 'cleanup_test_data' with autouse=True, with no plugin or hook that handled it. This is usually an error, as pytest does not natively support it. This will turn into an error in pytest 9.&#10;See: https://docs.pytest.org/en/stable/deprecations.html#sync-test-depending-on-async-fixture&quot;">/root/.venv/lib/python3.11/site-packages/pytest_asyncio/plugin.py:458: in setup
    return super().setup()
           ^^^^^^^^^^^^^^^
/root/.venv/lib/python3.11/site-packages/pytest_asyncio/plugin.py:728: in pytest_fixture_setup
    return (yield)
            ^^^^^
E   pytest.PytestRemovedIn9Warning: 'test_get_recent_feedback_structure' requested an async fixture 'cleanup_test_data' with autouse=True, with no plugin or hook that handled it. This is usually an error, as pytest does not natively support it. This will turn into an error in pytest 9.
E   See: https://docs.pytest.org/en/stable/deprecations.html#sync-test-depending-on-async-fixture</error></testcase><testcase classname="tests.test_triage_feedback.TestTriageFeedbackModule" name="test_build_feedback_prompt_section_empty_with_few_ratings" time="0.000"><error message="failed on setup with &quot;pytest.PytestRemovedIn9Warning: 'test_build_feedback_prompt_section_empty_with_few_ratings' requested an async fixture 'cleanup_test_data' with autouse=True, with no plugin or hook that handled it. This is usually an error, as pytest does not natively support it. This will turn into an error in pytest 9.&#10;See: https://docs.pytest.org/en/stable/deprecations.html#sync-test-depending-on-async-fixture&quot;">/root/.venv/lib/python3.11/site-packages/pytest_asyncio/plugin.py:458: in setup
    return super().setup()
           ^^^^^^^^^^^^^^^
/root/.venv/lib/python3.11/site-packages/pytest_asyncio/plugin.py:728: in pytest_fixture_setup
    return (yield)
            ^^^^^
E   pytest.PytestRemovedIn9Warning: 'test_build_feedback_prompt_section_empty_with_few_ratings' requested an async fixture 'cleanup_test_data' with autouse=True, with no plugin or hook that handled it. This is usually an error, as pytest does not natively support it. This will turn into an error in pytest 9.
E   See: https://docs.pytest.org/en/stable/deprecations.html#sync-test-depending-on-async-fixture</error></testcase><testcase classname="tests.test_triage_feedback.TestTriageFeedbackModule" name="test_build_feedback_prompt_section_with_enough_ratings" time="0.000"><error message="failed on setup with &quot;pytest.PytestRemovedIn9Warning: 'test_build_feedback_prompt_section_with_enough_ratings' requested an async fixture 'cleanup_test_data' with autouse=True, with no plugin or hook that handled it. This is usually an error, as pytest does not natively support it. This will turn into an error in pytest 9.&#10;See: https://docs.pytest.org/en/stable/deprecations.html#sync-test-depending-on-async-fixture&quot;">/root/.venv/lib/python3.11/site-packages/pytest_asyncio/plugin.py:458: in setup
    return super().setup()
           ^^^^^^^^^^^^^^^
/root/.venv/lib/python3.11/site-packages/pytest_asyncio/plugin.py:728: in pytest_fixture_setup
    return (yield)
            ^^^^^
E   pytest.PytestRemovedIn9Warning: 'test_build_feedback_prompt_section_with_enough_ratings' requested an async fixture 'cleanup_test_data' with autouse=True, with no plugin or hook that handled it. This is usually an error, as pytest does not natively support it. This will turn into an error in pytest 9.
E   See: https://docs.pytest.org/en/stable/deprecations.html#sync-test-depending-on-async-fixture</error></testcase><testcase classname="tests.test_triage_feedback.TestSlackNotifyToolIntegration" name="test_slack_notify_has_request_feedback_parameter" time="0.001" /><testcase classname="tests.test_triage_feedback.TestSlackNotifyToolIntegration" name="test_feedback_footer_constant_exists" time="0.000" /><testcase classname="tests.test_triage_feedback.TestSlackChannelReactionHandler" name="test_reaction_added_handler_exists" time="0.147" /><testcase classname="tests.test_triage_feedback.TestTriageFeedbackRPCMethods" name="test_triage_feedback_stats_rpc_registered" time="0.361" /><testcase classname="tests.test_triage_feedback.TestTriageFeedbackRPCMethods" name="test_triage_recent_feedback_rpc_registered" time="0.000" /><testcase classname="tests.test_triage_feedback.TestSchedulerFeedbackInjection" name="test_scheduler_has_feedback_injection_logic" time="0.002" /><testcase classname="tests.test_triage_feedback.TestDbNullCheckPattern" name="test_triage_feedback_uses_is_none_pattern" time="0.000" /><testcase classname="tests.test_triage_feedback.TestEndToEndFeedbackFlow" name="test_full_feedback_flow" time="0.001"><error message="failed on setup with &quot;pytest.PytestRemovedIn9Warning: 'test_full_feedback_flow' requested an async fixture 'cleanup' with autouse=True, with no plugin or hook that handled it. This is usually an error, as pytest does not natively support it. This will turn into an error in pytest 9.&#10;See: https://docs.pytest.org/en/stable/deprecations.html#sync-test-depending-on-async-fixture&quot;">/root/.venv/lib/python3.11/site-packages/pytest_asyncio/plugin.py:458: in setup
    return super().setup()
           ^^^^^^^^^^^^^^^
/root/.venv/lib/python3.11/site-packages/pytest_asyncio/plugin.py:728: in pytest_fixture_setup
    return (yield)
            ^^^^^
E   pytest.PytestRemovedIn9Warning: 'test_full_feedback_flow' requested an async fixture 'cleanup' with autouse=True, with no plugin or hook that handled it. This is usually an error, as pytest does not natively support it. This will turn into an error in pytest 9.
E   See: https://docs.pytest.org/en/stable/deprecations.html#sync-test-depending-on-async-fixture</error></testcase><testcase classname="tests.test_triage_feedback.TestFeedbackAutoTuningLogic" name="test_auto_tuning_adjusts_based_on_approval_rate" time="0.002" /></testsuite></testsuites>