<?xml version="1.0" encoding="utf-8"?><testsuites name="pytest tests"><testsuite name="pytest" errors="0" failures="0" skipped="0" tests="19" time="0.410" timestamp="2026-02-22T03:39:58.372969+00:00" hostname="agent-env-8406b534-fe63-4da2-af4b-da05be5d8db0"><testcase classname="tests.test_email_triage_prompt.TestHealthEndpoint" name="test_health_returns_healthy" time="0.208" /><testcase classname="tests.test_email_triage_prompt.TestEmailTriageTaskInMongoDB" name="test_email_triage_task_exists" time="0.001" /><testcase classname="tests.test_email_triage_prompt.TestEmailTriageTaskInMongoDB" name="test_email_triage_prompt_version_is_2" time="0.001" /><testcase classname="tests.test_email_triage_prompt.TestEmailTriageTaskInMongoDB" name="test_email_triage_defaults_interval" time="0.001" /><testcase classname="tests.test_email_triage_prompt.TestEmailTriageTaskInMongoDB" name="test_email_triage_defaults_enabled_false" time="0.000" /><testcase classname="tests.test_email_triage_prompt.TestEmailTriageTaskInMongoDB" name="test_email_triage_defaults_notify_exists" time="0.000" /><testcase classname="tests.test_email_triage_prompt.TestEmailTriagePromptContent" name="test_prompt_contains_action_required" time="0.000" /><testcase classname="tests.test_email_triage_prompt.TestEmailTriagePromptContent" name="test_prompt_contains_slack_notify" time="0.000" /><testcase classname="tests.test_email_triage_prompt.TestEmailTriagePromptContent" name="test_prompt_contains_tier_a" time="0.001" /><testcase classname="tests.test_email_triage_prompt.TestEmailTriagePromptContent" name="test_prompt_contains_tier_b" time="0.000" /><testcase classname="tests.test_email_triage_prompt.TestEmailTriagePromptContent" name="test_prompt_contains_tier_c" time="0.000" /><testcase classname="tests.test_email_triage_prompt.TestEmailTriagePromptContent" name="test_prompt_contains_gmail_tool" time="0.000" /><testcase classname="tests.test_email_triage_prompt.TestEmailTriagePromptQuality" name="test_prompt_no_project_history_context" time="0.000" /><testcase classname="tests.test_email_triage_prompt.TestEmailTriagePromptQuality" name="test_prompt_leads_with_action" time="0.000" /><testcase classname="tests.test_email_triage_prompt.TestEmailTriagePromptQuality" name="test_prompt_has_no_new_emails_handling" time="0.000" /><testcase classname="tests.test_email_triage_prompt.TestEmailTriagePromptQuality" name="test_prompt_single_notification_rule" time="0.000" /><testcase classname="tests.test_email_triage_prompt.TestEmailTriagePromptQuality" name="test_prompt_has_structured_format" time="0.000" /><testcase classname="tests.test_email_triage_prompt.TestSchedulerCanListTasks" name="test_tasks_collection_has_email_triage" time="0.000" /><testcase classname="tests.test_email_triage_prompt.TestSchedulerCanListTasks" name="test_email_triage_has_all_required_fields" time="0.001" /></testsuite></testsuites>