<?xml version="1.0" encoding="utf-8"?><testsuites name="pytest tests"><testsuite name="pytest" errors="0" failures="0" skipped="0" tests="27" time="1.495" timestamp="2026-02-26T00:49:29.993722+00:00" hostname="agent-env-25bc3e45-8713-42c4-97c1-2dd4aaafba4e"><testcase classname="tests.test_ocr_integration.TestTesseractInstallation" name="test_tesseract_binary_exists" time="0.000" /><testcase classname="tests.test_ocr_integration.TestTesseractInstallation" name="test_tesseract_version" time="0.016" /><testcase classname="tests.test_ocr_integration.TestTesseractInstallation" name="test_pytesseract_import" time="0.249" /><testcase classname="tests.test_ocr_integration.TestTesseractInstallation" name="test_pillow_import" time="0.000" /><testcase classname="tests.test_ocr_integration.TestExtractTextOCR" name="test_extract_text_ocr_basic" time="0.136" /><testcase classname="tests.test_ocr_integration.TestExtractTextOCR" name="test_extract_text_ocr_email_accuracy" time="0.142" /><testcase classname="tests.test_ocr_integration.TestExtractTextOCR" name="test_extract_text_ocr_nonexistent_file" time="0.000" /><testcase classname="tests.test_ocr_integration.TestExtractTextOCR" name="test_extract_text_ocr_corrupted_image" time="0.058" /><testcase classname="tests.test_ocr_integration.TestExtractTextOCR" name="test_extract_text_ocr_empty_image" time="0.080" /><testcase classname="tests.test_ocr_integration.TestExtractTextOCR" name="test_extract_text_ocr_uses_2x_upscaling" time="0.001" /><testcase classname="tests.test_ocr_integration.TestExtractTextOCR" name="test_extract_text_ocr_grayscale_conversion" time="0.000" /><testcase classname="tests.test_ocr_integration.TestExtractTextOCR" name="test_extract_text_ocr_tesseract_config" time="0.000" /><testcase classname="tests.test_ocr_integration.TestAnalyzeImageOCRIntegration" name="test_analyze_image_calls_ocr" time="0.001" /><testcase classname="tests.test_ocr_integration.TestAnalyzeImageOCRIntegration" name="test_analyze_image_includes_ocr_in_prompt" time="0.001" /><testcase classname="tests.test_ocr_integration.TestAnalyzeImageOCRIntegration" name="test_analyze_image_uses_asyncio_to_thread" time="0.001" /><testcase classname="tests.test_ocr_integration.TestAnalyzeAndStoreScreenOCRIntegration" name="test_analyze_and_store_screen_extracts_ocr" time="0.001" /><testcase classname="tests.test_ocr_integration.TestAnalyzeAndStoreScreenOCRIntegration" name="test_analyze_and_store_screen_appends_ocr_to_content" time="0.001" /><testcase classname="tests.test_ocr_integration.TestAnalyzeAndStoreScreenOCRIntegration" name="test_analyze_and_store_screen_uses_asyncio_to_thread" time="0.001" /><testcase classname="tests.test_ocr_integration.TestAgentOCRIntegration" name="test_agent_imports_extract_text_ocr" time="0.461" /><testcase classname="tests.test_ocr_integration.TestAgentOCRIntegration" name="test_agent_extracts_ocr_for_attachments" time="0.003" /><testcase classname="tests.test_ocr_integration.TestAgentOCRIntegration" name="test_agent_prepends_ocr_to_user_message" time="0.003" /><testcase classname="tests.test_ocr_integration.TestAgentOCRIntegration" name="test_agent_handles_both_providers" time="0.003" /><testcase classname="tests.test_ocr_integration.TestAgentOCRIntegration" name="test_agent_uses_asyncio_to_thread_for_ocr" time="0.003" /><testcase classname="tests.test_ocr_integration.TestDockerfileAndRequirements" name="test_dockerfile_has_tesseract" time="0.000" /><testcase classname="tests.test_ocr_integration.TestDockerfileAndRequirements" name="test_requirements_has_pytesseract" time="0.000" /><testcase classname="tests.test_ocr_integration.TestDockerfileAndRequirements" name="test_requirements_has_pillow" time="0.001" /><testcase classname="tests.test_ocr_integration.TestOCREndToEnd" name="test_ocr_screen_capture_accuracy" time="0.278" /></testsuite></testsuites>