<?xml version="1.0" encoding="utf-8"?><testsuites name="pytest tests"><testsuite name="pytest" errors="0" failures="1" skipped="0" tests="11" time="12.839" timestamp="2026-02-15T04:16:35.615296+00:00" hostname="agent-env-0849e900-221b-46a6-bdbd-34551a40f5c2"><testcase classname="tests.test_process_persistence.TestProcessPersistence" name="test_processes_json_exists" time="0.001" /><testcase classname="tests.test_process_persistence.TestProcessPersistence" name="test_processes_json_is_valid" time="0.001" /><testcase classname="tests.test_process_persistence.TestProcessPersistence" name="test_start_process_updates_json" time="0.755"><failure message="AssertionError: Process should be running: {'pid': 4731, 'name': 'test-persistence-process', 'command': 'sleep 60', 'cwd': '.', 'status': 'stopped', 'started_at': '2026-02-15T04:15:03.831295+00:00', 'stopped_at': '2026-02-15T04:15:04.596134+00:00', 'exit_code': -15}&#10;assert 'stopped' == 'running'&#10;  &#10;  - running&#10;  + stopped">tests/test_process_persistence.py:101: in test_start_process_updates_json
    assert info.get("status") == "running", f"Process should be running: {info}"
E   AssertionError: Process should be running: {'pid': 4731, 'name': 'test-persistence-process', 'command': 'sleep 60', 'cwd': '.', 'status': 'stopped', 'started_at': '2026-02-15T04:15:03.831295+00:00', 'stopped_at': '2026-02-15T04:15:04.596134+00:00', 'exit_code': -15}
E   assert 'stopped' == 'running'
E     
E     - running
E     + stopped</failure></testcase><testcase classname="tests.test_process_persistence.TestProcessPersistence" name="test_stop_process_updates_json" time="1.436" /><testcase classname="tests.test_process_persistence.TestPortOverride" name="test_run_project_with_port_injects_env_var" time="2.090" /><testcase classname="tests.test_process_persistence.TestPortOverride" name="test_run_project_without_port" time="0.953" /><testcase classname="tests.test_process_persistence.TestPortDetection" name="test_detect_port_from_todo_app" time="0.229" /><testcase classname="tests.test_process_persistence.TestInstallDeps" name="test_install_deps_creates_venv" time="0.223" /><testcase classname="tests.test_process_persistence.TestInstallDeps" name="test_install_deps_returns_process_name" time="0.233" /><testcase classname="tests.test_process_persistence.TestStopRecoveredProcess" name="test_stop_process_by_pid_directly" time="1.990" /><testcase classname="tests.test_process_persistence.TestTodoAppWithPortOverride" name="test_run_todo_app_on_port_5001" time="4.895" /></testsuite></testsuites>