<?xml version="1.0" encoding="utf-8"?><testsuites name="pytest tests"><testsuite name="pytest" errors="0" failures="0" skipped="0" tests="10" time="2.129" timestamp="2026-02-27T00:37:40.403455+00:00" hostname="agent-env-499a1707-99ca-4e9c-bc40-2034bb0d897d"><testcase classname="backend.tests.test_memory_architecture.TestMemoryArchitecture" name="test_memory_stats_returns_correct_structure" time="0.026" /><testcase classname="backend.tests.test_memory_architecture.TestMemoryArchitecture" name="test_faiss_index_size_matches_memories" time="0.008" /><testcase classname="backend.tests.test_memory_architecture.TestMemoryArchitecture" name="test_memory_search_returns_hybrid_scores" time="0.378" /><testcase classname="backend.tests.test_memory_architecture.TestMemoryArchitecture" name="test_memory_store_adds_to_faiss_index" time="0.214" /><testcase classname="backend.tests.test_memory_architecture.TestMemoryArchitecture" name="test_memory_search_with_agent_filter" time="0.702" /><testcase classname="backend.tests.test_memory_architecture.TestMemoryArchitecture" name="test_memory_clear_rebuilds_faiss_index" time="0.731" /><testcase classname="backend.tests.test_memory_architecture.TestMemoryArchitecture" name="test_memory_reprocess_endpoint_exists" time="0.032" /><testcase classname="backend.tests.test_memory_architecture.TestMemoryArchitecture" name="test_memory_list_endpoint" time="0.007" /><testcase classname="backend.tests.test_memory_architecture.TestModelsAndAgentIdentity" name="test_models_list_has_updated_labels" time="0.004" /><testcase classname="backend.tests.test_memory_architecture.TestModelsAndAgentIdentity" name="test_agents_list_returns_agents" time="0.006" /></testsuite></testsuites>