<?xml version="1.0" encoding="utf-8"?><testsuites name="pytest tests"><testsuite name="pytest" errors="0" failures="0" skipped="0" tests="17" time="1.393" timestamp="2026-02-21T06:09:26.650391+00:00" hostname="agent-env-4f5bffb3-1e93-4ff7-bcb8-43208492eb6a"><testcase classname="tests.test_p0_stability_fixes.TestHealthEndpoint" name="test_health_returns_200" time="0.131" /><testcase classname="tests.test_p0_stability_fixes.TestSetupStatus" name="test_setup_status_returns_200" time="0.102" /><testcase classname="tests.test_p0_stability_fixes.TestSetupStatus" name="test_gateway_token_is_env_only" time="0.112" /><testcase classname="tests.test_p0_stability_fixes.TestSetupStatus" name="test_openai_api_key_from_environment" time="0.102" /><testcase classname="tests.test_p0_stability_fixes.TestSetupStatus" name="test_anthropic_api_key_from_environment" time="0.121" /><testcase classname="tests.test_p0_stability_fixes.TestSetupStatus" name="test_has_any_llm_is_true" time="0.126" /><testcase classname="tests.test_p0_stability_fixes.TestSetupSave" name="test_setup_save_no_values" time="0.117" /><testcase classname="tests.test_p0_stability_fixes.TestSetupSave" name="test_setup_save_updates_env" time="0.267" /><testcase classname="tests.test_p0_stability_fixes.TestGatewayTokenNotOverriddenByDB" name="test_gateway_token_env_only" time="0.236" /><testcase classname="tests.test_p0_stability_fixes.TestCodePatterns" name="test_no_pymongo_if_not_db_pattern" time="0.004" /><testcase classname="tests.test_p0_stability_fixes.TestCodePatterns" name="test_env_only_fields_defined" time="0.000" /><testcase classname="tests.test_p0_stability_fixes.TestCodePatterns" name="test_process_manager_has_liveness_check" time="0.000" /><testcase classname="tests.test_p0_stability_fixes.TestProcessManagerDirectImport" name="test_cleanup_dead_processes_function" time="0.001" /><testcase classname="tests.test_p0_stability_fixes.TestProcessManagerDirectImport" name="test_is_pid_alive_function" time="0.000" /><testcase classname="tests.test_p0_stability_fixes.TestProcessManagerDirectImport" name="test_recover_processes_function" time="0.000" /><testcase classname="tests.test_p0_stability_fixes.TestDBNameFallback" name="test_slack_channel_uses_db_name_env" time="0.000" /><testcase classname="tests.test_p0_stability_fixes.TestDBNameFallback" name="test_slack_notify_uses_db_name_env" time="0.000" /></testsuite></testsuites>