<?xml version="1.0" encoding="utf-8"?><testsuites name="pytest tests"><testsuite name="pytest" errors="0" failures="0" skipped="0" tests="23" time="1.021" timestamp="2026-02-22T03:55:23.670313+00:00" hostname="agent-env-8406b534-fe63-4da2-af4b-da05be5d8db0"><testcase classname="tests.test_triage_feedback.TestHealthEndpoint" name="test_health_endpoint_returns_healthy" time="0.267" /><testcase classname="tests.test_triage_feedback.TestEmailTriageTaskConfiguration" name="test_email_triage_task_has_prompt_version_3" time="0.006" /><testcase classname="tests.test_triage_feedback.TestEmailTriageTaskConfiguration" name="test_email_triage_prompt_has_request_feedback_instruction" time="0.001" /><testcase classname="tests.test_triage_feedback.TestTriageFeedbackModuleFunctions" name="test_set_feedback_db_function" time="0.001" /><testcase classname="tests.test_triage_feedback.TestTriageFeedbackModuleFunctions" name="test_track_triage_message" time="0.011" /><testcase classname="tests.test_triage_feedback.TestTriageFeedbackModuleFunctions" name="test_record_feedback_positive_thumbsup" time="0.002" /><testcase classname="tests.test_triage_feedback.TestTriageFeedbackModuleFunctions" name="test_record_feedback_positive_plus_one" time="0.002" /><testcase classname="tests.test_triage_feedback.TestTriageFeedbackModuleFunctions" name="test_record_feedback_negative_thumbsdown" time="0.002" /><testcase classname="tests.test_triage_feedback.TestTriageFeedbackModuleFunctions" name="test_record_feedback_negative_minus_one" time="0.002" /><testcase classname="tests.test_triage_feedback.TestTriageFeedbackModuleFunctions" name="test_record_feedback_rejects_unknown_reactions" time="0.002" /><testcase classname="tests.test_triage_feedback.TestTriageFeedbackModuleFunctions" name="test_record_feedback_returns_false_for_untracked_message" time="0.001" /><testcase classname="tests.test_triage_feedback.TestTriageFeedbackModuleFunctions" name="test_get_feedback_stats_structure" time="0.001" /><testcase classname="tests.test_triage_feedback.TestTriageFeedbackModuleFunctions" name="test_get_recent_feedback_structure" time="0.001" /><testcase classname="tests.test_triage_feedback.TestTriageFeedbackModuleFunctions" name="test_build_feedback_prompt_section_with_enough_ratings" time="0.006" /><testcase classname="tests.test_triage_feedback.TestSlackNotifyToolIntegration" name="test_slack_notify_has_request_feedback_parameter" time="0.001" /><testcase classname="tests.test_triage_feedback.TestSlackNotifyToolIntegration" name="test_feedback_footer_constant_exists" time="0.000" /><testcase classname="tests.test_triage_feedback.TestSlackChannelReactionHandler" name="test_reaction_added_handler_exists" time="0.150" /><testcase classname="tests.test_triage_feedback.TestTriageFeedbackRPCMethods" name="test_triage_feedback_stats_rpc_registered" time="0.359" /><testcase classname="tests.test_triage_feedback.TestTriageFeedbackRPCMethods" name="test_triage_recent_feedback_rpc_registered" time="0.000" /><testcase classname="tests.test_triage_feedback.TestSchedulerFeedbackInjection" name="test_scheduler_has_feedback_injection_logic" time="0.002" /><testcase classname="tests.test_triage_feedback.TestDbNullCheckPattern" name="test_triage_feedback_uses_is_none_pattern" time="0.000" /><testcase classname="tests.test_triage_feedback.TestEndToEndFeedbackFlow" name="test_full_feedback_flow" time="0.006" /><testcase classname="tests.test_triage_feedback.TestFeedbackAutoTuningLogic" name="test_auto_tuning_adjusts_based_on_approval_rate" time="0.001" /></testsuite></testsuites>