<?xml version="1.0" encoding="utf-8"?><testsuites name="pytest tests"><testsuite name="pytest" errors="0" failures="0" skipped="0" tests="19" time="3.100" timestamp="2026-02-24T23:10:57.533837+00:00" hostname="agent-env-8406b534-fe63-4da2-af4b-da05be5d8db0"><testcase classname="tests.test_scrapling_integration.TestHealthAndSetup" name="test_health_endpoint" time="0.172" /><testcase classname="tests.test_scrapling_integration.TestHealthAndSetup" name="test_scrapling_in_requirements" time="0.000" /><testcase classname="tests.test_scrapling_integration.TestBrowseWebpageTool" name="test_browse_tool_registered" time="0.276" /><testcase classname="tests.test_scrapling_integration.TestBrowseWebpageTool" name="test_browse_tool_uses_scrapling" time="0.000" /><testcase classname="tests.test_scrapling_integration.TestBrowseWebpageTool" name="test_browse_tool_has_fallback_logic" time="0.000" /><testcase classname="tests.test_scrapling_integration.TestBrowseWebpageURLs" name="test_error_handling_invalid_url" time="0.001" /><testcase classname="tests.test_scrapling_integration.TestBrowseWebpageURLs" name="test_yahoo_finance" time="0.731" /><testcase classname="tests.test_scrapling_integration.TestBrowseWebpageURLs" name="test_stock_analysis" time="0.197" /><testcase classname="tests.test_scrapling_integration.TestBrowseWebpageURLs" name="test_wikipedia" time="0.246" /><testcase classname="tests.test_scrapling_integration.TestBrowseWebpageURLs" name="test_google_finance" time="0.369" /><testcase classname="tests.test_scrapling_integration.TestBrowseWebpageURLs" name="test_cnbc" time="0.188" /><testcase classname="tests.test_scrapling_integration.TestBrowseWebpageURLs" name="test_robinhood" time="0.693" /><testcase classname="tests.test_scrapling_integration.TestEmailTriageConfig" name="test_email_triage_prompt_version_4" time="0.139" /><testcase classname="tests.test_scrapling_integration.TestEmailTriageConfig" name="test_email_triage_notify_never" time="0.005" /><testcase classname="tests.test_scrapling_integration.TestEmailTriageConfig" name="test_email_triage_prompt_strict" time="0.000" /><testcase classname="tests.test_scrapling_integration.TestEmailTriageConfig" name="test_email_triage_prompt_version_constant" time="0.000" /><testcase classname="tests.test_scrapling_integration.TestAgentCodeStructure" name="test_agent_runner_has_active_tool_callback" time="0.000" /><testcase classname="tests.test_scrapling_integration.TestAgentCodeStructure" name="test_run_subtask_propagates_on_tool_call" time="0.000" /><testcase classname="tests.test_scrapling_integration.TestAgentCodeStructure" name="test_run_turn_stores_callback" time="0.000" /></testsuite></testsuites>