<?xml version="1.0" encoding="utf-8"?><testsuites name="pytest tests"><testsuite name="pytest" errors="0" failures="0" skipped="0" tests="25" time="0.730" timestamp="2026-02-15T00:39:04.177343+00:00" hostname="agent-env-0e363ad9-c4e8-432d-8d4e-7b690b9cc760"><testcase classname="tests.test_developer_tools_p0.TestHealthEndpoint" name="test_health_returns_healthy" time="0.168" /><testcase classname="tests.test_developer_tools_p0.TestToolRegistration" name="test_total_tools_count" time="0.295" /><testcase classname="tests.test_developer_tools_p0.TestToolRegistration" name="test_developer_tools_have_correct_schema" time="0.000" /><testcase classname="tests.test_developer_tools_p0.TestCreateDirectoryTool" name="test_create_directory_in_workspace" time="0.001" /><testcase classname="tests.test_developer_tools_p0.TestCreateDirectoryTool" name="test_create_directory_prevents_traversal" time="0.001" /><testcase classname="tests.test_developer_tools_p0.TestSearchInFilesTool" name="test_search_in_files_basic" time="0.001" /><testcase classname="tests.test_developer_tools_p0.TestSearchInFilesTool" name="test_search_with_regex" time="0.001" /><testcase classname="tests.test_developer_tools_p0.TestPatchFileTool" name="test_patch_insert_operation" time="0.002" /><testcase classname="tests.test_developer_tools_p0.TestPatchFileTool" name="test_patch_replace_operation" time="0.001" /><testcase classname="tests.test_developer_tools_p0.TestPatchFileTool" name="test_patch_delete_operation" time="0.001" /><testcase classname="tests.test_developer_tools_p0.TestCreateToolMetaTool" name="test_create_tool_simple" time="0.121" /><testcase classname="tests.test_developer_tools_p0.TestCreateToolMetaTool" name="test_create_tool_blocks_builtin_overwrite" time="0.001" /><testcase classname="tests.test_developer_tools_p0.TestCreateToolMetaTool" name="test_create_tool_blocks_dangerous_code" time="0.001" /><testcase classname="tests.test_developer_tools_p0.TestListCustomToolsTool" name="test_list_custom_tools" time="0.005" /><testcase classname="tests.test_developer_tools_p0.TestDeleteCustomToolTool" name="test_delete_custom_tool" time="0.004" /><testcase classname="tests.test_developer_tools_p0.TestDeleteCustomToolTool" name="test_delete_builtin_tool_blocked" time="0.001" /><testcase classname="tests.test_developer_tools_p0.TestDeveloperAgentConfig" name="test_developer_agent_exists_in_db" time="0.004" /><testcase classname="tests.test_developer_tools_p0.TestDeveloperAgentConfig" name="test_developer_agent_does_not_have_delegate" time="0.004" /><testcase classname="tests.test_developer_tools_p0.TestOrchestratorAgentConfig" name="test_orchestrator_has_delegate_tools" time="0.003" /><testcase classname="tests.test_developer_tools_p0.TestOrchestratorAgentConfig" name="test_orchestrator_does_not_have_developer_tools" time="0.004" /><testcase classname="tests.test_developer_tools_p0.TestSpecialistAgentsConfig" name="test_browser_agent_no_developer_tools" time="0.004" /><testcase classname="tests.test_developer_tools_p0.TestSpecialistAgentsConfig" name="test_gmail_agent_no_developer_tools" time="0.004" /><testcase classname="tests.test_developer_tools_p0.TestSpecialistAgentsConfig" name="test_research_agent_no_developer_tools" time="0.004" /><testcase classname="tests.test_developer_tools_p0.TestSpecialistAgentsConfig" name="test_system_agent_no_developer_tools" time="0.005" /><testcase classname="tests.test_developer_tools_p0.TestToolPersistence" name="test_custom_tool_persisted_in_mongodb" time="0.006" /></testsuite></testsuites>