<?xml version="1.0" encoding="utf-8"?><testsuites name="pytest tests"><testsuite name="pytest" errors="0" failures="5" skipped="0" tests="5" time="1.042" timestamp="2026-02-21T18:26:11.315259+00:00" hostname="agent-env-4f5bffb3-1e93-4ff7-bcb8-43208492eb6a"><testcase classname="backend.tests.test_mindmap.TestMindmapRPC" name="test_mindmap_get_returns_cached_data" time="0.236"><failure message="AssertionError: Auth failed: {'type': 'hot'}&#10;assert 'hot' == 'auth.success'&#10;  &#10;  - auth.success&#10;  + hot">backend/tests/test_mindmap.py:51: in test_mindmap_get_returns_cached_data
    assert auth_data.get("type") == "auth.success", f"Auth failed: {auth_data}"
E   AssertionError: Auth failed: {'type': 'hot'}
E   assert 'hot' == 'auth.success'
E     
E     - auth.success
E     + hot</failure></testcase><testcase classname="backend.tests.test_mindmap.TestMindmapRPC" name="test_mindmap_generate_creates_new_mindmap" time="0.176"><failure message="AssertionError: Auth failed: {'type': 'hot'}&#10;assert 'hot' == 'auth.success'&#10;  &#10;  - auth.success&#10;  + hot">backend/tests/test_mindmap.py:106: in test_mindmap_generate_creates_new_mindmap
    assert auth_data.get("type") == "auth.success", f"Auth failed: {auth_data}"
E   AssertionError: Auth failed: {'type': 'hot'}
E   assert 'hot' == 'auth.success'
E     
E     - auth.success
E     + hot</failure></testcase><testcase classname="backend.tests.test_mindmap.TestMindmapRPC" name="test_mindmap_set_importance_on_topic" time="0.181"><failure message="AssertionError: Auth failed: {'type': 'hot'}&#10;assert 'hot' == 'auth.success'&#10;  &#10;  - auth.success&#10;  + hot">backend/tests/test_mindmap.py:141: in test_mindmap_set_importance_on_topic
    assert auth_data.get("type") == "auth.success", f"Auth failed: {auth_data}"
E   AssertionError: Auth failed: {'type': 'hot'}
E   assert 'hot' == 'auth.success'
E     
E     - auth.success
E     + hot</failure></testcase><testcase classname="backend.tests.test_mindmap.TestMindmapRPC" name="test_mindmap_set_importance_validation" time="0.176"><failure message="AssertionError: assert 'hot' == 'auth.success'&#10;  &#10;  - auth.success&#10;  + hot">backend/tests/test_mindmap.py:192: in test_mindmap_set_importance_validation
    assert auth_data.get("type") == "auth.success"
E   AssertionError: assert 'hot' == 'auth.success'
E     
E     - auth.success
E     + hot</failure></testcase><testcase classname="backend.tests.test_mindmap.TestMindmapRPC" name="test_mindmap_set_importance_requires_params" time="0.203"><failure message="AssertionError: assert 'hot' == 'auth.success'&#10;  &#10;  - auth.success&#10;  + hot">backend/tests/test_mindmap.py:214: in test_mindmap_set_importance_requires_params
    assert auth_data.get("type") == "auth.success"
E   AssertionError: assert 'hot' == 'auth.success'
E     
E     - auth.success
E     + hot</failure></testcase></testsuite></testsuites>